<?xml version="1.0" encoding="UTF-8"?>
<!-- Generated by org.testng.reporters.JUnitXMLReporter -->
<testsuite ignored="0" hostname="nipunverma" failures="6" tests="6" name="Test" time="3.078" errors="0" timestamp="2021-10-03T08:39:37 IST">
  <testcase classname="stepDefination.AccountCreate" name="logout_user" time="0.017">
    <failure type="java.lang.NullPointerException" message="Cannot invoke &amp;quot;org.openqa.selenium.WebDriver.findElement(org.openqa.selenium.By)&amp;quot; because &amp;quot;stepDefination.AccountCreate.driver&amp;quot; is null">
      <![CDATA[java.lang.NullPointerException: Cannot invoke "org.openqa.selenium.WebDriver.findElement(org.openqa.selenium.By)" because "stepDefination.AccountCreate.driver" is null
at stepDefination.AccountCreate.logout_user(AccountCreate.java:87)
at java.base/java.util.ArrayList.forEach(ArrayList.java:1511)
... Removed 27 stack frames]]>
    </failure>
  </testcase> <!-- logout_user -->
  <testcase classname="stepDefination.AccountCreate" name="user_has_to_pass_rest_of_the_details" time="0.0">
    <failure type="org.testng.TestNGException" message="
Cannot inject @Test annotated Method [user_has_to_pass_rest_of_the_details] with [class java.lang.String, class java.lang.String].
For more information on native dependency injection please refer to https://testng.org/doc/documentation-main.html#native-dependency-injection">
      <![CDATA[org.testng.TestNGException: 
Cannot inject @Test annotated Method [user_has_to_pass_rest_of_the_details] with [class java.lang.String, class java.lang.String].
For more information on native dependency injection please refer to https://testng.org/doc/documentation-main.html#native-dependency-injection
at java.base/java.util.ArrayList.forEach(ArrayList.java:1511)
... Removed 26 stack frames]]>
    </failure>
  </testcase> <!-- user_has_to_pass_rest_of_the_details -->
  <testcase classname="stepDefination.AccountCreate" name="user_is_required_to_pass_the_credentials" time="0.0">
    <failure type="org.testng.TestNGException" message="
Cannot inject @Test annotated Method [user_is_required_to_pass_the_credentials] with [class java.lang.String, class java.lang.String, class java.lang.String, class cucumber.api.DataTable].
For more information on native dependency injection please refer to https://testng.org/doc/documentation-main.html#native-dependency-injection">
      <![CDATA[org.testng.TestNGException: 
Cannot inject @Test annotated Method [user_is_required_to_pass_the_credentials] with [class java.lang.String, class java.lang.String, class java.lang.String, class cucumber.api.DataTable].
For more information on native dependency injection please refer to https://testng.org/doc/documentation-main.html#native-dependency-injection
at java.base/java.util.ArrayList.forEach(ArrayList.java:1511)
... Removed 26 stack frames]]>
    </failure>
  </testcase> <!-- user_is_required_to_pass_the_credentials -->
  <testcase classname="stepDefination.AccountCreate" name="user_wants_to_pass_the_existing_user_credentials" time="0.0">
    <failure type="org.testng.TestNGException" message="
Cannot inject @Test annotated Method [user_wants_to_pass_the_existing_user_credentials] with [class java.lang.String, class java.lang.String].
For more information on native dependency injection please refer to https://testng.org/doc/documentation-main.html#native-dependency-injection">
      <![CDATA[org.testng.TestNGException: 
Cannot inject @Test annotated Method [user_wants_to_pass_the_existing_user_credentials] with [class java.lang.String, class java.lang.String].
For more information on native dependency injection please refer to https://testng.org/doc/documentation-main.html#native-dependency-injection
at java.base/java.util.ArrayList.forEach(ArrayList.java:1511)
... Removed 26 stack frames]]>
    </failure>
  </testcase> <!-- user_wants_to_pass_the_existing_user_credentials -->
  <testcase classname="stepDefination.AccountCreate" name="user_wants_to_pass_the_user_credentials" time="0.0">
    <failure type="org.testng.TestNGException" message="
Cannot inject @Test annotated Method [user_wants_to_pass_the_user_credentials] with [class cucumber.api.DataTable].
For more information on native dependency injection please refer to https://testng.org/doc/documentation-main.html#native-dependency-injection">
      <![CDATA[org.testng.TestNGException: 
Cannot inject @Test annotated Method [user_wants_to_pass_the_user_credentials] with [class cucumber.api.DataTable].
For more information on native dependency injection please refer to https://testng.org/doc/documentation-main.html#native-dependency-injection
at java.base/java.util.ArrayList.forEach(ArrayList.java:1511)
... Removed 26 stack frames]]>
    </failure>
  </testcase> <!-- user_wants_to_pass_the_user_credentials -->
  <testcase classname="stepDefination.AccountCreate" name="verify_the_account_creation_is_successful" time="3.001">
    <failure type="java.lang.NullPointerException" message="Cannot invoke &amp;quot;org.openqa.selenium.WebDriver.findElement(org.openqa.selenium.By)&amp;quot; because &amp;quot;stepDefination.AccountCreate.driver&amp;quot; is null">
      <![CDATA[java.lang.NullPointerException: Cannot invoke "org.openqa.selenium.WebDriver.findElement(org.openqa.selenium.By)" because "stepDefination.AccountCreate.driver" is null
at stepDefination.AccountCreate.verify_the_account_creation_is_successful(AccountCreate.java:77)
at java.base/java.util.ArrayList.forEach(ArrayList.java:1511)
... Removed 27 stack frames]]>
    </failure>
  </testcase> <!-- verify_the_account_creation_is_successful -->
</testsuite> <!-- Test -->
